<?xml version="1.0" encoding="UTF-8"?>
<TestRun id="fa0a3579-a89c-4aba-b266-97ab39a986f6" name="Luana@DV6420 2013-11-28 23:56:28" runUser="DV6420\Luana" xmlns="http://microsoft.com/schemas/VisualStudio/TeamTest/2010">
  <TestSettings name="Local" id="059212b4-818a-469c-9ce4-9c3eb0c20fac">
    <Description>These are default test settings for a local test run.</Description>
    <Deployment enabled="false" runDeploymentRoot="Luana_DV6420 2013-11-28 23_56_28" />
    <Execution>
      <TestTypeSpecific />
      <AgentRule name="Execution Agents">
      </AgentRule>
    </Execution>
  </TestSettings>
  <Times creation="2013-11-28T23:56:28.9375000-05:00" queuing="2013-11-28T23:56:40.9531250-05:00" start="2013-11-28T23:56:42.7812500-05:00" finish="2013-11-28T23:56:45.3281250-05:00" />
  <ResultSummary outcome="Completed">
    <Counters total="1" executed="1" passed="1" error="0" failed="0" timeout="0" aborted="0" inconclusive="0" passedButRunAborted="0" notRunnable="0" notExecuted="0" disconnected="0" warning="0" completed="0" inProgress="0" pending="0" />
  </ResultSummary>
  <TestDefinitions>
    <UnitTest name="TestMethod1" storage="c:\projects\trespuntocinco\trespuntocinco.test\bin\debug\trespuntocinco.test.dll" id="5537e01f-728f-b59a-5870-1515f40db2f0">
      <Execution id="de1e3532-eb50-4d21-8afa-1c8a1665c00b" />
      <TestMethod codeBase="C:/Projects/TresPuntoCinco/TresPuntoCinco.Test/bin/Debug/TresPuntoCinco.Test.DLL" adapterTypeName="Microsoft.VisualStudio.TestTools.TestTypes.Unit.UnitTestAdapter, Microsoft.VisualStudio.QualityTools.Tips.UnitTest.Adapter, Version=10.0.0.0, Culture=neutral, PublicKeyToken=b03f5f7f11d50a3a" className="TresPuntoCinco.Test.UnitTest1, TresPuntoCinco.Test, Version=1.0.0.0, Culture=neutral, PublicKeyToken=null" name="TestMethod1" />
    </UnitTest>
  </TestDefinitions>
  <TestLists>
    <TestList name="Results Not in a List" id="8c84fa94-04c1-424b-9868-57a2d4851a1d" />
    <TestList name="All Loaded Results" id="19431567-8539-422a-85d7-44ee4e166bda" />
  </TestLists>
  <TestEntries>
    <TestEntry testId="5537e01f-728f-b59a-5870-1515f40db2f0" executionId="de1e3532-eb50-4d21-8afa-1c8a1665c00b" testListId="8c84fa94-04c1-424b-9868-57a2d4851a1d" />
  </TestEntries>
  <Results>
    <UnitTestResult executionId="de1e3532-eb50-4d21-8afa-1c8a1665c00b" testId="5537e01f-728f-b59a-5870-1515f40db2f0" testName="TestMethod1" computerName="DV6420" duration="00:00:00.0544900" startTime="2013-11-28T23:56:43.3281250-05:00" endTime="2013-11-28T23:56:45.1250000-05:00" testType="13cdc9d9-ddb5-4fa4-a97d-d965ccfc6d4b" outcome="Passed" testListId="8c84fa94-04c1-424b-9868-57a2d4851a1d" relativeResultsDirectory="de1e3532-eb50-4d21-8afa-1c8a1665c00b">
    </UnitTestResult>
  </Results>
</TestRun>