<?xml version="1.0" encoding="UTF-8"?>
<TestRun id="ecd4e315-d34c-401a-8831-67469393bf22" name="S33686@P09FL13924W 2013-12-02 12:52:06" runUser="BCPDOM\S33686" xmlns="http://microsoft.com/schemas/VisualStudio/TeamTest/2010">
  <TestSettings name="Local" id="059212b4-818a-469c-9ce4-9c3eb0c20fac">
    <Description>These are default test settings for a local test run.</Description>
    <Deployment enabled="false" runDeploymentRoot="S33686_P09FL13924W 2013-12-02 12_52_06">
      <DeploymentItem filename="d:\datos de usuarios\s33686\my documents\visual studio 2010\Projects\TresPuntoCinco\TresPuntoCinco.Data\bin\Debug\TresPuntoCinco.Data.dll" />
      <DeploymentItem filename="d:\datos de usuarios\s33686\my documents\visual studio 2010\Projects\TresPuntoCinco\TresPuntoCinco.Model\bin\Debug\TresPuntoCinco.Model.dll" />
    </Deployment>
    <Execution>
      <TestTypeSpecific />
      <AgentRule name="Execution Agents">
      </AgentRule>
    </Execution>
  </TestSettings>
  <Times creation="2013-12-02T12:52:06.4864530-05:00" queuing="2013-12-02T12:52:06.5802018-05:00" start="2013-12-02T12:52:06.5958266-05:00" finish="2013-12-02T12:52:07.1583194-05:00" />
  <ResultSummary outcome="Completed">
    <Counters total="2" executed="2" passed="2" error="0" failed="0" timeout="0" aborted="0" inconclusive="0" passedButRunAborted="0" notRunnable="0" notExecuted="0" disconnected="0" warning="0" completed="0" inProgress="0" pending="0" />
  </ResultSummary>
  <TestDefinitions>
    <UnitTest name="InsertSinClavePrimaria" storage="d:\datos de usuarios\s33686\my documents\visual studio 2010\projects\trespuntocinco\trespuntocinco.test\bin\debug\trespuntocinco.test.dll" id="701b7950-fcef-c189-f1d3-564816df2136">
      <Execution id="6002f327-ef6e-4ac9-adbf-35ae6e213334" />
      <TestMethod codeBase="d:/datos de usuarios/s33686/my documents/visual studio 2010/Projects/TresPuntoCinco/TresPuntoCinco.Test/bin/Debug/TresPuntoCinco.Test.DLL" adapterTypeName="Microsoft.VisualStudio.TestTools.TestTypes.Unit.UnitTestAdapter, Microsoft.VisualStudio.QualityTools.Tips.UnitTest.Adapter, Version=10.0.0.0, Culture=neutral, PublicKeyToken=b03f5f7f11d50a3a" className="TresPuntoCinco.Test.Data.DbHelperTest, TresPuntoCinco.Test, Version=1.0.0.0, Culture=neutral, PublicKeyToken=null" name="InsertSinClavePrimaria" />
    </UnitTest>
    <UnitTest name="InsertTodasLasColumnas" storage="d:\datos de usuarios\s33686\my documents\visual studio 2010\projects\trespuntocinco\trespuntocinco.test\bin\debug\trespuntocinco.test.dll" id="bb5a6857-7ad1-cf1d-51ff-90bf80f3338c">
      <Execution id="de4b27be-8a92-45fa-8832-84a1acf0e43e" />
      <TestMethod codeBase="d:/datos de usuarios/s33686/my documents/visual studio 2010/Projects/TresPuntoCinco/TresPuntoCinco.Test/bin/Debug/TresPuntoCinco.Test.DLL" adapterTypeName="Microsoft.VisualStudio.TestTools.TestTypes.Unit.UnitTestAdapter, Microsoft.VisualStudio.QualityTools.Tips.UnitTest.Adapter, Version=10.0.0.0, Culture=neutral, PublicKeyToken=b03f5f7f11d50a3a" className="TresPuntoCinco.Test.Data.DbHelperTest, TresPuntoCinco.Test, Version=1.0.0.0, Culture=neutral, PublicKeyToken=null" name="InsertTodasLasColumnas" />
    </UnitTest>
  </TestDefinitions>
  <TestLists>
    <TestList name="Results Not in a List" id="8c84fa94-04c1-424b-9868-57a2d4851a1d" />
    <TestList name="All Loaded Results" id="19431567-8539-422a-85d7-44ee4e166bda" />
  </TestLists>
  <TestEntries>
    <TestEntry testId="701b7950-fcef-c189-f1d3-564816df2136" executionId="6002f327-ef6e-4ac9-adbf-35ae6e213334" testListId="8c84fa94-04c1-424b-9868-57a2d4851a1d" />
    <TestEntry testId="bb5a6857-7ad1-cf1d-51ff-90bf80f3338c" executionId="de4b27be-8a92-45fa-8832-84a1acf0e43e" testListId="8c84fa94-04c1-424b-9868-57a2d4851a1d" />
  </TestEntries>
  <Results>
    <UnitTestResult executionId="6002f327-ef6e-4ac9-adbf-35ae6e213334" testId="701b7950-fcef-c189-f1d3-564816df2136" testName="InsertSinClavePrimaria" computerName="P09FL13924W" duration="00:00:00.0366703" startTime="2013-12-02T12:52:06.5958266-05:00" endTime="2013-12-02T12:52:06.8770730-05:00" testType="13cdc9d9-ddb5-4fa4-a97d-d965ccfc6d4b" outcome="Passed" testListId="8c84fa94-04c1-424b-9868-57a2d4851a1d" relativeResultsDirectory="6002f327-ef6e-4ac9-adbf-35ae6e213334">
    </UnitTestResult>
    <UnitTestResult executionId="de4b27be-8a92-45fa-8832-84a1acf0e43e" testId="bb5a6857-7ad1-cf1d-51ff-90bf80f3338c" testName="InsertTodasLasColumnas" computerName="P09FL13924W" duration="00:00:00.0021952" startTime="2013-12-02T12:52:06.8926978-05:00" endTime="2013-12-02T12:52:06.8926978-05:00" testType="13cdc9d9-ddb5-4fa4-a97d-d965ccfc6d4b" outcome="Passed" testListId="8c84fa94-04c1-424b-9868-57a2d4851a1d" relativeResultsDirectory="de4b27be-8a92-45fa-8832-84a1acf0e43e">
    </UnitTestResult>
  </Results>
</TestRun>