<?xml version="1.0" encoding="UTF-8"?>
<TestRun id="ff7b42d2-ff74-4b8b-9e40-82e616f794e0" name="S33686@P09FL13924W 2013-12-02 12:00:42" runUser="BCPDOM\S33686" xmlns="http://microsoft.com/schemas/VisualStudio/TeamTest/2010">
  <TestSettings name="Local" id="059212b4-818a-469c-9ce4-9c3eb0c20fac">
    <Description>These are default test settings for a local test run.</Description>
    <Deployment userDeploymentRoot="d:\datos de usuarios\s33686\my documents\visual studio 2010\Projects\TresPuntoCinco\TestResults" useDefaultDeploymentRoot="false" enabled="false" runDeploymentRoot="S33686_P09FL13924W 2013-12-02 12_00_42">
      <DeploymentItem filename="d:\datos de usuarios\s33686\my documents\visual studio 2010\Projects\TresPuntoCinco\TresPuntoCinco.Data\bin\Debug\TresPuntoCinco.Data.dll" />
      <DeploymentItem filename="d:\datos de usuarios\s33686\my documents\visual studio 2010\Projects\TresPuntoCinco\TresPuntoCinco.Model\bin\Debug\TresPuntoCinco.Model.dll" />
    </Deployment>
    <Execution>
      <TestTypeSpecific />
      <AgentRule name="Execution Agents">
      </AgentRule>
    </Execution>
  </TestSettings>
  <Times creation="2013-12-02T12:00:42.8729540-05:00" queuing="2013-12-02T12:00:46.4666350-05:00" start="2013-12-02T12:00:46.5603832-05:00" finish="2013-12-02T12:01:18.4503959-05:00" />
  <ResultSummary outcome="Error">
    <Counters total="1" executed="1" error="0" failed="0" timeout="0" aborted="1" inconclusive="0" passedButRunAborted="0" notRunnable="0" notExecuted="0" disconnected="0" warning="0" passed="0" completed="0" inProgress="0" pending="0" />
    <RunInfos>
      <RunInfo computerName="P09FL13924W" outcome="Error" timestamp="2013-12-02T12:01:18.4503959-05:00">
        <Text>Test host process exited unexpectedly.</Text>
      </RunInfo>
    </RunInfos>
  </ResultSummary>
  <TestDefinitions>
    <UnitTest name="InsertTodasLasColumnas" storage="d:\datos de usuarios\s33686\my documents\visual studio 2010\projects\trespuntocinco\trespuntocinco.test\bin\debug\trespuntocinco.test.dll" id="bb5a6857-7ad1-cf1d-51ff-90bf80f3338c">
      <Execution id="c1eb0dc1-1775-44bd-a5ce-e9c7631285e2" />
      <TestMethod codeBase="d:/datos de usuarios/s33686/my documents/visual studio 2010/Projects/TresPuntoCinco/TresPuntoCinco.Test/bin/Debug/TresPuntoCinco.Test.DLL" adapterTypeName="Microsoft.VisualStudio.TestTools.TestTypes.Unit.UnitTestAdapter, Microsoft.VisualStudio.QualityTools.Tips.UnitTest.Adapter, Version=10.0.0.0, Culture=neutral, PublicKeyToken=b03f5f7f11d50a3a" className="TresPuntoCinco.Test.Data.DbHelperTest, TresPuntoCinco.Test, Version=1.0.0.0, Culture=neutral, PublicKeyToken=null" name="InsertTodasLasColumnas" />
    </UnitTest>
  </TestDefinitions>
  <TestLists>
    <TestList name="Results Not in a List" id="8c84fa94-04c1-424b-9868-57a2d4851a1d" />
    <TestList name="All Loaded Results" id="19431567-8539-422a-85d7-44ee4e166bda" />
  </TestLists>
  <TestEntries>
    <TestEntry testId="bb5a6857-7ad1-cf1d-51ff-90bf80f3338c" executionId="c1eb0dc1-1775-44bd-a5ce-e9c7631285e2" testListId="8c84fa94-04c1-424b-9868-57a2d4851a1d" />
  </TestEntries>
  <Results>
    <UnitTestResult executionId="c1eb0dc1-1775-44bd-a5ce-e9c7631285e2" testId="bb5a6857-7ad1-cf1d-51ff-90bf80f3338c" testName="InsertTodasLasColumnas" computerName="P09FL13924W" duration="00:00:31.7962645" startTime="2013-12-02T12:00:46.6541314-05:00" endTime="2013-12-02T12:01:18.4503959-05:00" testType="13cdc9d9-ddb5-4fa4-a97d-d965ccfc6d4b" outcome="Aborted" testListId="8c84fa94-04c1-424b-9868-57a2d4851a1d" relativeResultsDirectory="c1eb0dc1-1775-44bd-a5ce-e9c7631285e2">
    </UnitTestResult>
  </Results>
</TestRun>