<?xml version="1.0" encoding="UTF-8"?>
<TestRun id="845bf41c-24c0-4a0c-a2bc-d868ae365985" name="S33686@P09FL13924W 2013-12-02 11:58:43" runUser="BCPDOM\S33686" xmlns="http://microsoft.com/schemas/VisualStudio/TeamTest/2010">
  <TestSettings name="Local" id="059212b4-818a-469c-9ce4-9c3eb0c20fac">
    <Description>These are default test settings for a local test run.</Description>
    <Deployment userDeploymentRoot="d:\datos de usuarios\s33686\my documents\visual studio 2010\Projects\TresPuntoCinco\TestResults" useDefaultDeploymentRoot="false" enabled="false" runDeploymentRoot="S33686_P09FL13924W 2013-12-02 11_58_43">
      <DeploymentItem filename="d:\datos de usuarios\s33686\my documents\visual studio 2010\Projects\TresPuntoCinco\TresPuntoCinco.Data\bin\Debug\TresPuntoCinco.Data.dll" />
      <DeploymentItem filename="d:\datos de usuarios\s33686\my documents\visual studio 2010\Projects\TresPuntoCinco\TresPuntoCinco.Model\bin\Debug\TresPuntoCinco.Model.dll" />
    </Deployment>
    <Execution>
      <TestTypeSpecific />
      <AgentRule name="Execution Agents">
      </AgentRule>
    </Execution>
  </TestSettings>
  <Times creation="2013-12-02T11:58:43.9536990-05:00" queuing="2013-12-02T11:58:44.0943204-05:00" start="2013-12-02T11:58:44.0943204-05:00" finish="2013-12-02T11:58:45.2036670-05:00" />
  <ResultSummary outcome="Failed">
    <Counters total="1" executed="1" error="0" failed="1" timeout="0" aborted="0" inconclusive="0" passedButRunAborted="0" notRunnable="0" notExecuted="0" disconnected="0" warning="0" passed="0" completed="0" inProgress="0" pending="0" />
  </ResultSummary>
  <TestDefinitions>
    <UnitTest name="InsertTodasLasColumnas" storage="d:\datos de usuarios\s33686\my documents\visual studio 2010\projects\trespuntocinco\trespuntocinco.test\bin\debug\trespuntocinco.test.dll" id="bb5a6857-7ad1-cf1d-51ff-90bf80f3338c">
      <Execution id="e978aa3c-489f-43da-a007-8962b87105a8" />
      <TestMethod codeBase="d:/datos de usuarios/s33686/my documents/visual studio 2010/Projects/TresPuntoCinco/TresPuntoCinco.Test/bin/Debug/TresPuntoCinco.Test.DLL" adapterTypeName="Microsoft.VisualStudio.TestTools.TestTypes.Unit.UnitTestAdapter, Microsoft.VisualStudio.QualityTools.Tips.UnitTest.Adapter, Version=10.0.0.0, Culture=neutral, PublicKeyToken=b03f5f7f11d50a3a" className="TresPuntoCinco.Test.Data.DbHelperTest, TresPuntoCinco.Test, Version=1.0.0.0, Culture=neutral, PublicKeyToken=null" name="InsertTodasLasColumnas" />
    </UnitTest>
  </TestDefinitions>
  <TestLists>
    <TestList name="Results Not in a List" id="8c84fa94-04c1-424b-9868-57a2d4851a1d" />
    <TestList name="All Loaded Results" id="19431567-8539-422a-85d7-44ee4e166bda" />
  </TestLists>
  <TestEntries>
    <TestEntry testId="bb5a6857-7ad1-cf1d-51ff-90bf80f3338c" executionId="e978aa3c-489f-43da-a007-8962b87105a8" testListId="8c84fa94-04c1-424b-9868-57a2d4851a1d" />
  </TestEntries>
  <Results>
    <UnitTestResult executionId="e978aa3c-489f-43da-a007-8962b87105a8" testId="bb5a6857-7ad1-cf1d-51ff-90bf80f3338c" testName="InsertTodasLasColumnas" computerName="P09FL13924W" duration="00:00:00.6304569" startTime="2013-12-02T11:58:44.1411942-05:00" endTime="2013-12-02T11:58:45.1255440-05:00" testType="13cdc9d9-ddb5-4fa4-a97d-d965ccfc6d4b" outcome="Failed" testListId="8c84fa94-04c1-424b-9868-57a2d4851a1d" relativeResultsDirectory="e978aa3c-489f-43da-a007-8962b87105a8">
      <Output>
        <ErrorInfo>
          <Message>Test method TresPuntoCinco.Test.Data.DbHelperTest.InsertTodasLasColumnas threw exception: 
Microsoft.CSharp.RuntimeBinder.RuntimeBinderException: 'TresPuntoCinco.Model.Lugar' does not contain a definition for 'GetProperties'</Message>
          <StackTrace>    at CallSite.Target(Closure , CallSite , Object )
   at System.Dynamic.UpdateDelegates.UpdateAndExecute1[T0,TRet](CallSite site, T0 arg0)
   at TresPuntoCinco.Data.DbHelper.GetAllColumnsFromObject(Object objectToGetColumns) in d:\datos de usuarios\s33686\my documents\visual studio 2010\Projects\TresPuntoCinco\TresPuntoCinco.Data\DbHelper.cs:line 47
   at System.Dynamic.UpdateDelegates.UpdateAndExecute2[T0,T1,TRet](CallSite site, T0 arg0, T1 arg1)
   at TresPuntoCinco.Data.DbHelper.GetInsertAllColumns(Object objectToInsert) in d:\datos de usuarios\s33686\my documents\visual studio 2010\Projects\TresPuntoCinco\TresPuntoCinco.Data\DbHelper.cs:line 42
   at TresPuntoCinco.Test.Data.DbHelperTest.InsertTodasLasColumnas() in d:\datos de usuarios\s33686\my documents\visual studio 2010\Projects\TresPuntoCinco\TresPuntoCinco.Test\Data\DbHelperTest.cs:line 20
</StackTrace>
        </ErrorInfo>
      </Output>
    </UnitTestResult>
  </Results>
</TestRun>